app/build/intermediates/manifest_merge_blame_file/debug/manifest-merger-blame-debug-report.txt
1<?xml version="1.0" encoding="utf-8"?>
2<manifest xmlns:android="http://schemas.android.com/apk/res/android"
3    package="com.example.EPL498Luxzio"
4    android:versionCode="1"
5    android:versionName="1.0" >
6
7    <uses-sdk
8        android:minSdkVersion="24"
9        android:targetSdkVersion="33" />
10
11    <queries>
11-->[androidx.camera:camera-extensions:1.3.0-alpha04] AndroidManifest.xml:22:5-26:15
12        <intent>
12-->[androidx.camera:camera-extensions:1.3.0-alpha04] AndroidManifest.xml:23:9-25:18
13            <action android:name="androidx.camera.extensions.action.VENDOR_ACTION" />
13-->[androidx.camera:camera-extensions:1.3.0-alpha04] AndroidManifest.xml:24:13-86
13-->[androidx.camera:camera-extensions:1.3.0-alpha04] AndroidManifest.xml:24:21-83
14        </intent>
15        <!-- Needs to be explicitly declared on Android R+ -->
16        <package android:name="com.google.android.apps.maps" />
16-->[com.google.android.gms:play-services-maps:18.1.0] AndroidManifest.xml:33:9-64
16-->[com.google.android.gms:play-services-maps:18.1.0] AndroidManifest.xml:33:18-61
17    </queries> <!-- Include required permissions for Google Maps API to run. -->
18    <uses-permission android:name="android.permission.ACCESS_NETWORK_STATE" />
18-->[com.google.android.gms:play-services-maps:18.1.0] AndroidManifest.xml:23:5-79
18-->[com.google.android.gms:play-services-maps:18.1.0] AndroidManifest.xml:23:22-76
19    <uses-permission android:name="android.permission.INTERNET" />
19-->[com.google.android.gms:play-services-maps:18.1.0] AndroidManifest.xml:24:5-67
19-->[com.google.android.gms:play-services-maps:18.1.0] AndroidManifest.xml:24:22-64
20
21    <uses-feature
21-->[com.google.android.gms:play-services-maps:18.1.0] AndroidManifest.xml:26:5-28:35
22        android:glEsVersion="0x00020000"
22-->[com.google.android.gms:play-services-maps:18.1.0] AndroidManifest.xml:27:9-41
23        android:required="true" />
23-->[com.google.android.gms:play-services-maps:18.1.0] AndroidManifest.xml:28:9-32
24
25    <uses-permission android:name="android.permission.POST_NOTIFICATIONS" />
25-->[com.google.firebase:firebase-messaging:23.3.1] AndroidManifest.xml:23:5-77
25-->[com.google.firebase:firebase-messaging:23.3.1] AndroidManifest.xml:23:22-74
26    <uses-permission android:name="android.permission.WAKE_LOCK" /> <!-- Required by older versions of Google Play services to create IID tokens -->
26-->[com.google.firebase:firebase-messaging:23.3.1] AndroidManifest.xml:24:5-68
26-->[com.google.firebase:firebase-messaging:23.3.1] AndroidManifest.xml:24:22-65
27    <uses-permission android:name="com.google.android.c2dm.permission.RECEIVE" />
27-->[com.google.firebase:firebase-messaging:23.3.1] AndroidManifest.xml:26:5-82
27-->[com.google.firebase:firebase-messaging:23.3.1] AndroidManifest.xml:26:22-79
28    <uses-permission android:name="com.google.android.gms.permission.AD_ID" />
28-->[com.google.android.gms:play-services-measurement-api:21.5.0] AndroidManifest.xml:25:5-79
28-->[com.google.android.gms:play-services-measurement-api:21.5.0] AndroidManifest.xml:25:22-76
29    <uses-permission android:name="android.permission.ACCESS_ADSERVICES_ATTRIBUTION" />
29-->[com.google.android.gms:play-services-measurement-api:21.5.0] AndroidManifest.xml:26:5-88
29-->[com.google.android.gms:play-services-measurement-api:21.5.0] AndroidManifest.xml:26:22-85
30    <uses-permission android:name="android.permission.ACCESS_ADSERVICES_AD_ID" />
30-->[com.google.android.gms:play-services-measurement-api:21.5.0] AndroidManifest.xml:27:5-82
30-->[com.google.android.gms:play-services-measurement-api:21.5.0] AndroidManifest.xml:27:22-79
31    <uses-permission android:name="com.google.android.finsky.permission.BIND_GET_INSTALL_REFERRER_SERVICE" />
31-->[com.google.android.gms:play-services-measurement:21.5.0] AndroidManifest.xml:26:5-110
31-->[com.google.android.gms:play-services-measurement:21.5.0] AndroidManifest.xml:26:22-107
32
33    <permission
33-->[androidx.core:core:1.9.0] AndroidManifest.xml:22:5-24:47
34        android:name="com.example.EPL498Luxzio.DYNAMIC_RECEIVER_NOT_EXPORTED_PERMISSION"
34-->[androidx.core:core:1.9.0] AndroidManifest.xml:23:9-81
35        android:protectionLevel="signature" />
35-->[androidx.core:core:1.9.0] AndroidManifest.xml:24:9-44
36
37    <uses-permission android:name="com.example.EPL498Luxzio.DYNAMIC_RECEIVER_NOT_EXPORTED_PERMISSION" />
37-->[androidx.core:core:1.9.0] AndroidManifest.xml:26:5-97
37-->[androidx.core:core:1.9.0] AndroidManifest.xml:26:22-94
38
39    <application
39-->src\main\AndroidManifest.xml:5:5-26:19
40        android:allowBackup="true"
40-->src\main\AndroidManifest.xml:6:9-35
41        android:appComponentFactory="androidx.core.app.CoreComponentFactory"
41-->[androidx.core:core:1.9.0] AndroidManifest.xml:28:18-86
42        android:dataExtractionRules="@xml/data_extraction_rules"
42-->src\main\AndroidManifest.xml:7:9-65
43        android:debuggable="true"
44        android:extractNativeLibs="false"
45        android:fullBackupContent="@xml/backup_rules"
45-->src\main\AndroidManifest.xml:8:9-54
46        android:icon="@mipmap/ic_launcher"
46-->src\main\AndroidManifest.xml:9:9-43
47        android:label="@string/app_name"
47-->src\main\AndroidManifest.xml:10:9-41
48        android:roundIcon="@mipmap/ic_launcher_round"
48-->src\main\AndroidManifest.xml:11:9-54
49        android:supportsRtl="true"
49-->src\main\AndroidManifest.xml:12:9-35
50        android:testOnly="true"
51        android:theme="@style/Theme.EPL498Luxzio" >
51-->src\main\AndroidManifest.xml:13:9-50
52        <activity
52-->src\main\AndroidManifest.xml:15:9-25:20
53            android:name="com.example.EPL498Luxzio.MainActivity"
53-->src\main\AndroidManifest.xml:16:13-41
54            android:exported="true"
54-->src\main\AndroidManifest.xml:17:13-36
55            android:label="@string/app_name"
55-->src\main\AndroidManifest.xml:18:13-45
56            android:theme="@style/Theme.EPL498Luxzio" >
56-->src\main\AndroidManifest.xml:19:13-54
57            <intent-filter>
57-->src\main\AndroidManifest.xml:20:13-24:29
58                <action android:name="android.intent.action.MAIN" />
58-->src\main\AndroidManifest.xml:21:17-69
58-->src\main\AndroidManifest.xml:21:25-66
59
60                <category android:name="android.intent.category.LAUNCHER" />
60-->src\main\AndroidManifest.xml:23:17-77
60-->src\main\AndroidManifest.xml:23:27-74
61            </intent-filter>
62        </activity>
63        <!--
64        Service for holding metadata. Cannot be instantiated.
65        Metadata will be merged from other manifests.
66        -->
67        <service
67-->[androidx.camera:camera-core:1.3.0-alpha04] AndroidManifest.xml:29:9-33:78
68            android:name="androidx.camera.core.impl.MetadataHolderService"
68-->[androidx.camera:camera-core:1.3.0-alpha04] AndroidManifest.xml:30:13-75
69            android:enabled="false"
69-->[androidx.camera:camera-core:1.3.0-alpha04] AndroidManifest.xml:31:13-36
70            android:exported="false" >
70-->[androidx.camera:camera-core:1.3.0-alpha04] AndroidManifest.xml:32:13-37
71            <meta-data
71-->[androidx.camera:camera-camera2:1.3.0-alpha04] AndroidManifest.xml:30:13-32:89
72                android:name="androidx.camera.core.impl.MetadataHolderService.DEFAULT_CONFIG_PROVIDER"
72-->[androidx.camera:camera-camera2:1.3.0-alpha04] AndroidManifest.xml:31:17-103
73                android:value="androidx.camera.camera2.Camera2Config$DefaultProvider" />
73-->[androidx.camera:camera-camera2:1.3.0-alpha04] AndroidManifest.xml:32:17-86
74        </service>
75
76        <uses-library
76-->[androidx.camera:camera-extensions:1.3.0-alpha04] AndroidManifest.xml:29:9-31:40
77            android:name="androidx.camera.extensions.impl"
77-->[androidx.camera:camera-extensions:1.3.0-alpha04] AndroidManifest.xml:30:13-59
78            android:required="false" /> <!-- Needs to be explicitly declared on P+ -->
78-->[androidx.camera:camera-extensions:1.3.0-alpha04] AndroidManifest.xml:31:13-37
79        <uses-library
79-->[com.google.android.gms:play-services-maps:18.1.0] AndroidManifest.xml:39:9-41:40
80            android:name="org.apache.http.legacy"
80-->[com.google.android.gms:play-services-maps:18.1.0] AndroidManifest.xml:40:13-50
81            android:required="false" />
81-->[com.google.android.gms:play-services-maps:18.1.0] AndroidManifest.xml:41:13-37
82
83        <service
83-->[com.google.firebase:firebase-firestore:24.9.1] AndroidManifest.xml:14:9-23:19
84            android:name="com.google.firebase.components.ComponentDiscoveryService"
84-->[com.google.firebase:firebase-firestore:24.9.1] AndroidManifest.xml:15:13-84
85            android:directBootAware="true"
85-->[com.google.firebase:firebase-common:20.4.2] AndroidManifest.xml:32:13-43
86            android:exported="false" >
86-->[com.google.firebase:firebase-firestore:24.9.1] AndroidManifest.xml:16:13-37
87            <meta-data
87-->[com.google.firebase:firebase-firestore:24.9.1] AndroidManifest.xml:17:13-19:85
88                android:name="com.google.firebase.components:com.google.firebase.firestore.FirebaseFirestoreKtxRegistrar"
88-->[com.google.firebase:firebase-firestore:24.9.1] AndroidManifest.xml:18:17-122
89                android:value="com.google.firebase.components.ComponentRegistrar" />
89-->[com.google.firebase:firebase-firestore:24.9.1] AndroidManifest.xml:19:17-82
90            <meta-data
90-->[com.google.firebase:firebase-firestore:24.9.1] AndroidManifest.xml:20:13-22:85
91                android:name="com.google.firebase.components:com.google.firebase.firestore.FirestoreRegistrar"
91-->[com.google.firebase:firebase-firestore:24.9.1] AndroidManifest.xml:21:17-111
92                android:value="com.google.firebase.components.ComponentRegistrar" />
92-->[com.google.firebase:firebase-firestore:24.9.1] AndroidManifest.xml:22:17-82
93            <meta-data
93-->[com.google.firebase:firebase-messaging:23.3.1] AndroidManifest.xml:57:13-59:85
94                android:name="com.google.firebase.components:com.google.firebase.messaging.FirebaseMessagingKtxRegistrar"
94-->[com.google.firebase:firebase-messaging:23.3.1] AndroidManifest.xml:58:17-122
95                android:value="com.google.firebase.components.ComponentRegistrar" />
95-->[com.google.firebase:firebase-messaging:23.3.1] AndroidManifest.xml:59:17-82
96            <meta-data
96-->[com.google.firebase:firebase-messaging:23.3.1] AndroidManifest.xml:60:13-62:85
97                android:name="com.google.firebase.components:com.google.firebase.messaging.FirebaseMessagingRegistrar"
97-->[com.google.firebase:firebase-messaging:23.3.1] AndroidManifest.xml:61:17-119
98                android:value="com.google.firebase.components.ComponentRegistrar" />
98-->[com.google.firebase:firebase-messaging:23.3.1] AndroidManifest.xml:62:17-82
99            <meta-data
99-->[com.google.firebase:firebase-storage:20.3.0] AndroidManifest.xml:30:13-32:85
100                android:name="com.google.firebase.components:com.google.firebase.storage.FirebaseStorageKtxRegistrar"
100-->[com.google.firebase:firebase-storage:20.3.0] AndroidManifest.xml:31:17-118
101                android:value="com.google.firebase.components.ComponentRegistrar" />
101-->[com.google.firebase:firebase-storage:20.3.0] AndroidManifest.xml:32:17-82
102            <meta-data
102-->[com.google.firebase:firebase-storage:20.3.0] AndroidManifest.xml:33:13-35:85
103                android:name="com.google.firebase.components:com.google.firebase.storage.StorageRegistrar"
103-->[com.google.firebase:firebase-storage:20.3.0] AndroidManifest.xml:34:17-107
104                android:value="com.google.firebase.components.ComponentRegistrar" />
104-->[com.google.firebase:firebase-storage:20.3.0] AndroidManifest.xml:35:17-82
105            <meta-data
105-->[com.google.firebase:firebase-appcheck:17.1.1] AndroidManifest.xml:25:13-27:85
106                android:name="com.google.firebase.components:com.google.firebase.appcheck.FirebaseAppCheckKtxRegistrar"
106-->[com.google.firebase:firebase-appcheck:17.1.1] AndroidManifest.xml:26:17-120
107                android:value="com.google.firebase.components.ComponentRegistrar" />
107-->[com.google.firebase:firebase-appcheck:17.1.1] AndroidManifest.xml:27:17-82
108            <meta-data
108-->[com.google.firebase:firebase-appcheck:17.1.1] AndroidManifest.xml:28:13-30:85
109                android:name="com.google.firebase.components:com.google.firebase.appcheck.FirebaseAppCheckRegistrar"
109-->[com.google.firebase:firebase-appcheck:17.1.1] AndroidManifest.xml:29:17-117
110                android:value="com.google.firebase.components.ComponentRegistrar" />
110-->[com.google.firebase:firebase-appcheck:17.1.1] AndroidManifest.xml:30:17-82
111            <meta-data
111-->[com.google.android.gms:play-services-measurement-api:21.5.0] AndroidManifest.xml:37:13-39:85
112                android:name="com.google.firebase.components:com.google.firebase.analytics.connector.internal.AnalyticsConnectorRegistrar"
112-->[com.google.android.gms:play-services-measurement-api:21.5.0] AndroidManifest.xml:38:17-139
113                android:value="com.google.firebase.components.ComponentRegistrar" />
113-->[com.google.android.gms:play-services-measurement-api:21.5.0] AndroidManifest.xml:39:17-82
114            <meta-data
114-->[com.google.firebase:firebase-installations:17.2.0] AndroidManifest.xml:15:13-17:85
115                android:name="com.google.firebase.components:com.google.firebase.installations.FirebaseInstallationsKtxRegistrar"
115-->[com.google.firebase:firebase-installations:17.2.0] AndroidManifest.xml:16:17-130
116                android:value="com.google.firebase.components.ComponentRegistrar" />
116-->[com.google.firebase:firebase-installations:17.2.0] AndroidManifest.xml:17:17-82
117            <meta-data
117-->[com.google.firebase:firebase-installations:17.2.0] AndroidManifest.xml:18:13-20:85
118                android:name="com.google.firebase.components:com.google.firebase.installations.FirebaseInstallationsRegistrar"
118-->[com.google.firebase:firebase-installations:17.2.0] AndroidManifest.xml:19:17-127
119                android:value="com.google.firebase.components.ComponentRegistrar" />
119-->[com.google.firebase:firebase-installations:17.2.0] AndroidManifest.xml:20:17-82
120            <meta-data
120-->[com.google.firebase:firebase-common-ktx:20.4.2] AndroidManifest.xml:12:13-14:85
121                android:name="com.google.firebase.components:com.google.firebase.ktx.FirebaseCommonLegacyRegistrar"
121-->[com.google.firebase:firebase-common-ktx:20.4.2] AndroidManifest.xml:13:17-116
122                android:value="com.google.firebase.components.ComponentRegistrar" />
122-->[com.google.firebase:firebase-common-ktx:20.4.2] AndroidManifest.xml:14:17-82
123            <meta-data
123-->[com.google.firebase:firebase-common:20.4.2] AndroidManifest.xml:35:13-37:85
124                android:name="com.google.firebase.components:com.google.firebase.FirebaseCommonKtxRegistrar"
124-->[com.google.firebase:firebase-common:20.4.2] AndroidManifest.xml:36:17-109
125                android:value="com.google.firebase.components.ComponentRegistrar" />
125-->[com.google.firebase:firebase-common:20.4.2] AndroidManifest.xml:37:17-82
126            <meta-data
126-->[com.google.firebase:firebase-datatransport:18.1.7] AndroidManifest.xml:27:13-29:85
127                android:name="com.google.firebase.components:com.google.firebase.datatransport.TransportRegistrar"
127-->[com.google.firebase:firebase-datatransport:18.1.7] AndroidManifest.xml:28:17-115
128                android:value="com.google.firebase.components.ComponentRegistrar" />
128-->[com.google.firebase:firebase-datatransport:18.1.7] AndroidManifest.xml:29:17-82
129        </service>
130
131        <receiver
131-->[com.google.firebase:firebase-messaging:23.3.1] AndroidManifest.xml:29:9-40:20
132            android:name="com.google.firebase.iid.FirebaseInstanceIdReceiver"
132-->[com.google.firebase:firebase-messaging:23.3.1] AndroidManifest.xml:30:13-78
133            android:exported="true"
133-->[com.google.firebase:firebase-messaging:23.3.1] AndroidManifest.xml:31:13-36
134            android:permission="com.google.android.c2dm.permission.SEND" >
134-->[com.google.firebase:firebase-messaging:23.3.1] AndroidManifest.xml:32:13-73
135            <intent-filter>
135-->[com.google.firebase:firebase-messaging:23.3.1] AndroidManifest.xml:33:13-35:29
136                <action android:name="com.google.android.c2dm.intent.RECEIVE" />
136-->[com.google.firebase:firebase-messaging:23.3.1] AndroidManifest.xml:34:17-81
136-->[com.google.firebase:firebase-messaging:23.3.1] AndroidManifest.xml:34:25-78
137            </intent-filter>
138
139            <meta-data
139-->[com.google.firebase:firebase-messaging:23.3.1] AndroidManifest.xml:37:13-39:40
140                android:name="com.google.android.gms.cloudmessaging.FINISHED_AFTER_HANDLED"
140-->[com.google.firebase:firebase-messaging:23.3.1] AndroidManifest.xml:38:17-92
141                android:value="true" />
141-->[com.google.firebase:firebase-messaging:23.3.1] AndroidManifest.xml:39:17-37
142        </receiver>
143        <!--
144             FirebaseMessagingService performs security checks at runtime,
145             but set to not exported to explicitly avoid allowing another app to call it.
146        -->
147        <service
147-->[com.google.firebase:firebase-messaging:23.3.1] AndroidManifest.xml:46:9-53:19
148            android:name="com.google.firebase.messaging.FirebaseMessagingService"
148-->[com.google.firebase:firebase-messaging:23.3.1] AndroidManifest.xml:47:13-82
149            android:directBootAware="true"
149-->[com.google.firebase:firebase-messaging:23.3.1] AndroidManifest.xml:48:13-43
150            android:exported="false" >
150-->[com.google.firebase:firebase-messaging:23.3.1] AndroidManifest.xml:49:13-37
151            <intent-filter android:priority="-500" >
151-->[com.google.firebase:firebase-messaging:23.3.1] AndroidManifest.xml:50:13-52:29
151-->[com.google.firebase:firebase-messaging:23.3.1] AndroidManifest.xml:50:28-51
152                <action android:name="com.google.firebase.MESSAGING_EVENT" />
152-->[com.google.firebase:firebase-messaging:23.3.1] AndroidManifest.xml:51:17-78
152-->[com.google.firebase:firebase-messaging:23.3.1] AndroidManifest.xml:51:25-75
153            </intent-filter>
154        </service>
155
156        <activity
156-->[com.google.android.gms:play-services-base:18.1.0] AndroidManifest.xml:20:9-22:45
157            android:name="com.google.android.gms.common.api.GoogleApiActivity"
157-->[com.google.android.gms:play-services-base:18.1.0] AndroidManifest.xml:20:19-85
158            android:exported="false"
158-->[com.google.android.gms:play-services-base:18.1.0] AndroidManifest.xml:22:19-43
159            android:theme="@android:style/Theme.Translucent.NoTitleBar" />
159-->[com.google.android.gms:play-services-base:18.1.0] AndroidManifest.xml:21:19-78
160
161        <property
161-->[com.google.android.gms:play-services-measurement-api:21.5.0] AndroidManifest.xml:30:9-32:61
162            android:name="android.adservices.AD_SERVICES_CONFIG"
162-->[com.google.android.gms:play-services-measurement-api:21.5.0] AndroidManifest.xml:31:13-65
163            android:resource="@xml/ga_ad_services_config" />
163-->[com.google.android.gms:play-services-measurement-api:21.5.0] AndroidManifest.xml:32:13-58
164
165        <provider
165-->[com.google.firebase:firebase-common:20.4.2] AndroidManifest.xml:23:9-28:39
166            android:name="com.google.firebase.provider.FirebaseInitProvider"
166-->[com.google.firebase:firebase-common:20.4.2] AndroidManifest.xml:24:13-77
167            android:authorities="com.example.EPL498Luxzio.firebaseinitprovider"
167-->[com.google.firebase:firebase-common:20.4.2] AndroidManifest.xml:25:13-72
168            android:directBootAware="true"
168-->[com.google.firebase:firebase-common:20.4.2] AndroidManifest.xml:26:13-43
169            android:exported="false"
169-->[com.google.firebase:firebase-common:20.4.2] AndroidManifest.xml:27:13-37
170            android:initOrder="100" />
170-->[com.google.firebase:firebase-common:20.4.2] AndroidManifest.xml:28:13-36
171
172        <receiver
172-->[com.google.android.gms:play-services-measurement:21.5.0] AndroidManifest.xml:29:9-33:20
173            android:name="com.google.android.gms.measurement.AppMeasurementReceiver"
173-->[com.google.android.gms:play-services-measurement:21.5.0] AndroidManifest.xml:30:13-85
174            android:enabled="true"
174-->[com.google.android.gms:play-services-measurement:21.5.0] AndroidManifest.xml:31:13-35
175            android:exported="false" >
175-->[com.google.android.gms:play-services-measurement:21.5.0] AndroidManifest.xml:32:13-37
176        </receiver>
177
178        <service
178-->[com.google.android.gms:play-services-measurement:21.5.0] AndroidManifest.xml:35:9-38:40
179            android:name="com.google.android.gms.measurement.AppMeasurementService"
179-->[com.google.android.gms:play-services-measurement:21.5.0] AndroidManifest.xml:36:13-84
180            android:enabled="true"
180-->[com.google.android.gms:play-services-measurement:21.5.0] AndroidManifest.xml:37:13-35
181            android:exported="false" />
181-->[com.google.android.gms:play-services-measurement:21.5.0] AndroidManifest.xml:38:13-37
182        <service
182-->[com.google.android.gms:play-services-measurement:21.5.0] AndroidManifest.xml:39:9-43:72
183            android:name="com.google.android.gms.measurement.AppMeasurementJobService"
183-->[com.google.android.gms:play-services-measurement:21.5.0] AndroidManifest.xml:40:13-87
184            android:enabled="true"
184-->[com.google.android.gms:play-services-measurement:21.5.0] AndroidManifest.xml:41:13-35
185            android:exported="false"
185-->[com.google.android.gms:play-services-measurement:21.5.0] AndroidManifest.xml:42:13-37
186            android:permission="android.permission.BIND_JOB_SERVICE" />
186-->[com.google.android.gms:play-services-measurement:21.5.0] AndroidManifest.xml:43:13-69
187
188        <uses-library
188-->[androidx.privacysandbox.ads:ads-adservices:1.0.0-beta05] AndroidManifest.xml:23:9-25:40
189            android:name="android.ext.adservices"
189-->[androidx.privacysandbox.ads:ads-adservices:1.0.0-beta05] AndroidManifest.xml:24:13-50
190            android:required="false" />
190-->[androidx.privacysandbox.ads:ads-adservices:1.0.0-beta05] AndroidManifest.xml:25:13-37
191
192        <provider
192-->[androidx.emoji2:emoji2:1.2.0] AndroidManifest.xml:24:9-32:20
193            android:name="androidx.startup.InitializationProvider"
193-->[androidx.emoji2:emoji2:1.2.0] AndroidManifest.xml:25:13-67
194            android:authorities="com.example.EPL498Luxzio.androidx-startup"
194-->[androidx.emoji2:emoji2:1.2.0] AndroidManifest.xml:26:13-68
195            android:exported="false" >
195-->[androidx.emoji2:emoji2:1.2.0] AndroidManifest.xml:27:13-37
196            <meta-data
196-->[androidx.emoji2:emoji2:1.2.0] AndroidManifest.xml:29:13-31:52
197                android:name="androidx.emoji2.text.EmojiCompatInitializer"
197-->[androidx.emoji2:emoji2:1.2.0] AndroidManifest.xml:30:17-75
198                android:value="androidx.startup" />
198-->[androidx.emoji2:emoji2:1.2.0] AndroidManifest.xml:31:17-49
199            <meta-data
199-->[androidx.lifecycle:lifecycle-process:2.6.1] AndroidManifest.xml:29:13-31:52
200                android:name="androidx.lifecycle.ProcessLifecycleInitializer"
200-->[androidx.lifecycle:lifecycle-process:2.6.1] AndroidManifest.xml:30:17-78
201                android:value="androidx.startup" />
201-->[androidx.lifecycle:lifecycle-process:2.6.1] AndroidManifest.xml:31:17-49
202            <meta-data
202-->[androidx.profileinstaller:profileinstaller:1.3.0] AndroidManifest.xml:29:13-31:52
203                android:name="androidx.profileinstaller.ProfileInstallerInitializer"
203-->[androidx.profileinstaller:profileinstaller:1.3.0] AndroidManifest.xml:30:17-85
204                android:value="androidx.startup" />
204-->[androidx.profileinstaller:profileinstaller:1.3.0] AndroidManifest.xml:31:17-49
205        </provider>
206
207        <uses-library
207-->[androidx.window:window:1.0.0] AndroidManifest.xml:25:9-27:40
208            android:name="androidx.window.extensions"
208-->[androidx.window:window:1.0.0] AndroidManifest.xml:26:13-54
209            android:required="false" />
209-->[androidx.window:window:1.0.0] AndroidManifest.xml:27:13-37
210        <uses-library
210-->[androidx.window:window:1.0.0] AndroidManifest.xml:28:9-30:40
211            android:name="androidx.window.sidecar"
211-->[androidx.window:window:1.0.0] AndroidManifest.xml:29:13-51
212            android:required="false" />
212-->[androidx.window:window:1.0.0] AndroidManifest.xml:30:13-37
213
214        <meta-data
214-->[com.google.android.gms:play-services-basement:18.1.0] AndroidManifest.xml:21:9-23:69
215            android:name="com.google.android.gms.version"
215-->[com.google.android.gms:play-services-basement:18.1.0] AndroidManifest.xml:22:13-58
216            android:value="@integer/google_play_services_version" />
216-->[com.google.android.gms:play-services-basement:18.1.0] AndroidManifest.xml:23:13-66
217
218        <service
218-->[com.google.android.datatransport:transport-backend-cct:3.1.8] AndroidManifest.xml:28:9-34:19
219            android:name="com.google.android.datatransport.runtime.backends.TransportBackendDiscovery"
219-->[com.google.android.datatransport:transport-backend-cct:3.1.8] AndroidManifest.xml:29:13-103
220            android:exported="false" >
220-->[com.google.android.datatransport:transport-backend-cct:3.1.8] AndroidManifest.xml:30:13-37
221            <meta-data
221-->[com.google.android.datatransport:transport-backend-cct:3.1.8] AndroidManifest.xml:31:13-33:39
222                android:name="backend:com.google.android.datatransport.cct.CctBackendFactory"
222-->[com.google.android.datatransport:transport-backend-cct:3.1.8] AndroidManifest.xml:32:17-94
223                android:value="cct" />
223-->[com.google.android.datatransport:transport-backend-cct:3.1.8] AndroidManifest.xml:33:17-36
224        </service>
225        <service
225-->[com.google.android.datatransport:transport-runtime:3.1.8] AndroidManifest.xml:26:9-30:19
226            android:name="com.google.android.datatransport.runtime.scheduling.jobscheduling.JobInfoSchedulerService"
226-->[com.google.android.datatransport:transport-runtime:3.1.8] AndroidManifest.xml:27:13-117
227            android:exported="false"
227-->[com.google.android.datatransport:transport-runtime:3.1.8] AndroidManifest.xml:28:13-37
228            android:permission="android.permission.BIND_JOB_SERVICE" >
228-->[com.google.android.datatransport:transport-runtime:3.1.8] AndroidManifest.xml:29:13-69
229        </service>
230
231        <receiver
231-->[com.google.android.datatransport:transport-runtime:3.1.8] AndroidManifest.xml:32:9-34:40
232            android:name="com.google.android.datatransport.runtime.scheduling.jobscheduling.AlarmManagerSchedulerBroadcastReceiver"
232-->[com.google.android.datatransport:transport-runtime:3.1.8] AndroidManifest.xml:33:13-132
233            android:exported="false" />
233-->[com.google.android.datatransport:transport-runtime:3.1.8] AndroidManifest.xml:34:13-37
234        <receiver
234-->[androidx.profileinstaller:profileinstaller:1.3.0] AndroidManifest.xml:34:9-52:20
235            android:name="androidx.profileinstaller.ProfileInstallReceiver"
235-->[androidx.profileinstaller:profileinstaller:1.3.0] AndroidManifest.xml:35:13-76
236            android:directBootAware="false"
236-->[androidx.profileinstaller:profileinstaller:1.3.0] AndroidManifest.xml:36:13-44
237            android:enabled="true"
237-->[androidx.profileinstaller:profileinstaller:1.3.0] AndroidManifest.xml:37:13-35
238            android:exported="true"
238-->[androidx.profileinstaller:profileinstaller:1.3.0] AndroidManifest.xml:38:13-36
239            android:permission="android.permission.DUMP" >
239-->[androidx.profileinstaller:profileinstaller:1.3.0] AndroidManifest.xml:39:13-57
240            <intent-filter>
240-->[androidx.profileinstaller:profileinstaller:1.3.0] AndroidManifest.xml:40:13-42:29
241                <action android:name="androidx.profileinstaller.action.INSTALL_PROFILE" />
241-->[androidx.profileinstaller:profileinstaller:1.3.0] AndroidManifest.xml:41:17-91
241-->[androidx.profileinstaller:profileinstaller:1.3.0] AndroidManifest.xml:41:25-88
242            </intent-filter>
243            <intent-filter>
243-->[androidx.profileinstaller:profileinstaller:1.3.0] AndroidManifest.xml:43:13-45:29
244                <action android:name="androidx.profileinstaller.action.SKIP_FILE" />
244-->[androidx.profileinstaller:profileinstaller:1.3.0] AndroidManifest.xml:44:17-85
244-->[androidx.profileinstaller:profileinstaller:1.3.0] AndroidManifest.xml:44:25-82
245            </intent-filter>
246            <intent-filter>
246-->[androidx.profileinstaller:profileinstaller:1.3.0] AndroidManifest.xml:46:13-48:29
247                <action android:name="androidx.profileinstaller.action.SAVE_PROFILE" />
247-->[androidx.profileinstaller:profileinstaller:1.3.0] AndroidManifest.xml:47:17-88
247-->[androidx.profileinstaller:profileinstaller:1.3.0] AndroidManifest.xml:47:25-85
248            </intent-filter>
249            <intent-filter>
249-->[androidx.profileinstaller:profileinstaller:1.3.0] AndroidManifest.xml:49:13-51:29
250                <action android:name="androidx.profileinstaller.action.BENCHMARK_OPERATION" />
250-->[androidx.profileinstaller:profileinstaller:1.3.0] AndroidManifest.xml:50:17-95
250-->[androidx.profileinstaller:profileinstaller:1.3.0] AndroidManifest.xml:50:25-92
251            </intent-filter>
252        </receiver>
253    </application>
254